Using pre-set license
Built from '2021.3/staging' branch; Version is '2021.3.1f1 (3b70a0754835) revision 3895456'; Using compiler version '192829333'; Build Type 'Release'
OS: 'Windows 10  (10.0.19044) 64bit ProfessionalWorkstation' Language: 'pt' Physical Memory: 16324 MB
BatchMode: 1, IsHumanControllingUs: 0, StartBugReporterOnCrash: 0, Is64bit: 1, IsPro: 1

COMMAND LINE ARGUMENTS:
H:\Arq_Unity\2021.3.1f1\Editor\Unity.exe
-adb2
-batchMode
-noUpm
-name
AssetImportWorker0
-projectPath
H:/Unity/Mapa1Game
-logFile
Logs/AssetImportWorker0.log
-srvPort
51113
Successfully changed project path to: H:/Unity/Mapa1Game
H:/Unity/Mapa1Game
[UnityMemory] Configuration Parameters - Can be set up in boot.config
    "memorysetup-bucket-allocator-granularity=16"
    "memorysetup-bucket-allocator-bucket-count=8"
    "memorysetup-bucket-allocator-block-size=33554432"
    "memorysetup-bucket-allocator-block-count=8"
    "memorysetup-main-allocator-block-size=16777216"
    "memorysetup-thread-allocator-block-size=16777216"
    "memorysetup-gfx-main-allocator-block-size=16777216"
    "memorysetup-gfx-thread-allocator-block-size=16777216"
    "memorysetup-cache-allocator-block-size=4194304"
    "memorysetup-typetree-allocator-block-size=2097152"
    "memorysetup-profiler-bucket-allocator-granularity=16"
    "memorysetup-profiler-bucket-allocator-bucket-count=8"
    "memorysetup-profiler-bucket-allocator-block-size=33554432"
    "memorysetup-profiler-bucket-allocator-block-count=8"
    "memorysetup-profiler-allocator-block-size=16777216"
    "memorysetup-profiler-editor-allocator-block-size=1048576"
    "memorysetup-temp-allocator-size-main=16777216"
    "memorysetup-job-temp-allocator-block-size=2097152"
    "memorysetup-job-temp-allocator-block-size-background=1048576"
    "memorysetup-job-temp-allocator-reduction-small-platforms=262144"
    "memorysetup-temp-allocator-size-background-worker=32768"
    "memorysetup-temp-allocator-size-job-worker=262144"
    "memorysetup-temp-allocator-size-preload-manager=33554432"
    "memorysetup-temp-allocator-size-nav-mesh-worker=65536"
    "memorysetup-temp-allocator-size-audio-worker=65536"
    "memorysetup-temp-allocator-size-cloud-worker=32768"
    "memorysetup-temp-allocator-size-gi-baking-worker=262144"
    "memorysetup-temp-allocator-size-gfx=262144"
Refreshing native plugins compatible for Editor in 66.03 ms, found 3 plugins.
Preloading 0 native plugins for Editor in 0.00 ms.
Initialize engine version: 2021.3.1f1 (3b70a0754835)
[Subsystems] Discovering subsystems at path H:/Arq_Unity/2021.3.1f1/Editor/Data/Resources/UnitySubsystems
[Subsystems] Discovering subsystems at path H:/Unity/Mapa1Game/Assets
GfxDevice: creating device client; threaded=0; jobified=0
Direct3D:
    Version:  Direct3D 11.0 [level 11.1]
    Renderer: NVIDIA GeForce GTX 1060 6GB (ID=0x1c03)
    Vendor:   NVIDIA
    VRAM:     6043 MB
    Driver:   31.0.15.2824
Initialize mono
Mono path[0] = 'H:/Arq_Unity/2021.3.1f1/Editor/Data/Managed'
Mono path[1] = 'H:/Arq_Unity/2021.3.1f1/Editor/Data/MonoBleedingEdge/lib/mono/unityjit-win32'
Mono config path = 'H:/Arq_Unity/2021.3.1f1/Editor/Data/MonoBleedingEdge/etc'
Using monoOptions --debugger-agent=transport=dt_socket,embedding=1,server=y,suspend=n,address=127.0.0.1:56780
Begin MonoManager ReloadAssembly
Registering precompiled unity dll's ...
Register platform support module: H:/Arq_Unity/2021.3.1f1/Editor/Data/PlaybackEngines/AndroidPlayer/UnityEditor.Android.Extensions.dll
Register platform support module: H:/Arq_Unity/2021.3.1f1/Editor/Data/PlaybackEngines/WindowsStandaloneSupport/UnityEditor.WindowsStandalone.Extensions.dll
Registered in 0.002924 seconds.
Native extension for WindowsStandalone target not found
Native extension for Android target not found
Refreshing native plugins compatible for Editor in 65.15 ms, found 3 plugins.
Preloading 0 native plugins for Editor in 0.00 ms.
Mono: successfully reloaded assembly
- Completed reload, in  0.593 seconds
Domain Reload Profiling:
	ReloadAssembly (593ms)
		BeginReloadAssembly (81ms)
			ExecutionOrderSort (0ms)
			DisableScriptedObjects (0ms)
			BackupInstance (0ms)
			ReleaseScriptingObjects (0ms)
			CreateAndSetChildDomain (1ms)
		EndReloadAssembly (424ms)
			LoadAssemblies (82ms)
			RebuildTransferFunctionScriptingTraits (0ms)
			SetupTypeCache (96ms)
			ReleaseScriptCaches (0ms)
			RebuildScriptCaches (30ms)
			SetupLoadedEditorAssemblies (257ms)
				LogAssemblyErrors (0ms)
				InitializePlatformSupportModulesInManaged (36ms)
				SetLoadedEditorAssemblies (0ms)
				RefreshPlugins (65ms)
				BeforeProcessingInitializeOnLoad (1ms)
				ProcessInitializeOnLoadAttributes (103ms)
				ProcessInitializeOnLoadMethodAttributes (51ms)
				AfterProcessingInitializeOnLoad (0ms)
				EditorAssembliesLoaded (0ms)
			ExecutionOrderSort2 (0ms)
			AwakeInstancesAfterBackupRestoration (0ms)
Platform modules already initialized, skipping
Registering precompiled user dll's ...
Registered in 0.004967 seconds.
Begin MonoManager ReloadAssembly
Symbol file LoadedFromMemory doesn't match image H:\Unity\Mapa1Game\Library\PackageCache\com.unity.visualscripting@1.7.6\Editor\VisualScripting.Core\Dependencies\YamlDotNet\Unity.VisualScripting.YamlDotNet.dll
Symbol file LoadedFromMemory is not a mono symbol file
Symbol file LoadedFromMemory doesn't match image H:\Unity\Mapa1Game\Library\PackageCache\com.unity.visualscripting@1.7.6\Editor\VisualScripting.Core\Dependencies\DotNetZip\Unity.VisualScripting.IonicZip.dll
Native extension for WindowsStandalone target not found
Native extension for Android target not found
Refreshing native plugins compatible for Editor in 0.83 ms, found 3 plugins.
Preloading 0 native plugins for Editor in 0.00 ms.
Mono: successfully reloaded assembly
- Completed reload, in  0.989 seconds
Domain Reload Profiling:
	ReloadAssembly (990ms)
		BeginReloadAssembly (119ms)
			ExecutionOrderSort (0ms)
			DisableScriptedObjects (5ms)
			BackupInstance (0ms)
			ReleaseScriptingObjects (0ms)
			CreateAndSetChildDomain (19ms)
		EndReloadAssembly (770ms)
			LoadAssemblies (119ms)
			RebuildTransferFunctionScriptingTraits (0ms)
			SetupTypeCache (264ms)
			ReleaseScriptCaches (1ms)
			RebuildScriptCaches (50ms)
			SetupLoadedEditorAssemblies (317ms)
				LogAssemblyErrors (0ms)
				InitializePlatformSupportModulesInManaged (18ms)
				SetLoadedEditorAssemblies (1ms)
				RefreshPlugins (1ms)
				BeforeProcessingInitializeOnLoad (70ms)
				ProcessInitializeOnLoadAttributes (199ms)
				ProcessInitializeOnLoadMethodAttributes (25ms)
				AfterProcessingInitializeOnLoad (3ms)
				EditorAssembliesLoaded (0ms)
			ExecutionOrderSort2 (0ms)
			AwakeInstancesAfterBackupRestoration (6ms)
Platform modules already initialized, skipping
========================================================================
Worker process is ready to serve import requests
Launched and connected shader compiler UnityShaderCompiler.exe after 0.05 seconds
Refreshing native plugins compatible for Editor in 0.63 ms, found 3 plugins.
Preloading 0 native plugins for Editor in 0.00 ms.
Unloading 3225 Unused Serialized files (Serialized files now loaded: 0)
Unloading 23 unused Assets / (112.1 KB). Loaded Objects now: 3711.
Memory consumption went from 126.8 MB to 126.7 MB.
Total: 4.296900 ms (FindLiveObjects: 0.744000 ms CreateObjectMapping: 0.426500 ms MarkObjects: 2.994800 ms  DeleteObjects: 0.129400 ms)

AssetImportParameters requested are different than current active one (requested -> active):
  custom:video-decoder-ogg-theora: a1e56fd34408186e4bbccfd4996cb3dc -> 
  custom:container-muxer-webm: aa71ff27fc2769a1b78a27578f13a17b -> 
  custom:container-demuxer-webm: 4f35f7cbe854078d1ac9338744f61a02 -> 
  custom:video-encoder-webm-vp8: eb34c28f22e8b96e1ab97ce403110664 -> 
  custom:audio-encoder-webm-vorbis: bf7c407c2cedff20999df2af8eb42d56 -> 
  custom:framework-win-MediaFoundation: 216162199b28c13a410421893ffa2e32 -> 
  custom:container-demuxer-ogg: 62fdf1f143b41e24485cea50d1cbac27 -> 
  custom:video-decoder-webm-vp8: 9c59270c3fd7afecdb556c50c9e8de78 -> 
  custom:audio-decoder-ogg-vorbis: bf7c407c2cedff20999df2af8eb42d56 -> 
========================================================================
Received Import Request.
  Time since last request: 35510.117376 seconds.
  path: Assets/Terrain/New Terrain.asset
  artifactKey: Guid(5c4054a7a5401524dbfca0f1d14adc29) Importer(815301076,1909f56bfc062723c751e8b465ee728b)
Start importing Assets/Terrain/New Terrain.asset using Guid(5c4054a7a5401524dbfca0f1d14adc29) Importer(815301076,1909f56bfc062723c751e8b465ee728b)  -> (artifact id: '82d86fe759dd96dce14e684d07cf37d9') in 0.164575 seconds 
========================================================================
Received Import Request.
  Time since last request: 17.272240 seconds.
  path: Assets/Terrain/Layer/Tree
  artifactKey: Guid(b4fd51a096b852748989861ea103df12) Importer(815301076,1909f56bfc062723c751e8b465ee728b)
Start importing Assets/Terrain/Layer/Tree using Guid(b4fd51a096b852748989861ea103df12) Importer(815301076,1909f56bfc062723c751e8b465ee728b)  -> (artifact id: 'd26374dd074393b306c28c456b2c4174') in 0.006931 seconds 
========================================================================
Received Import Request.
  Time since last request: 63.919548 seconds.
  path: Assets/Tree_Textures/diffuse.png
  artifactKey: Guid(524489cb62741d2449f46196af7e2d58) Importer(815301076,1909f56bfc062723c751e8b465ee728b)
Start importing Assets/Tree_Textures/diffuse.png using Guid(524489cb62741d2449f46196af7e2d58) Importer(815301076,1909f56bfc062723c751e8b465ee728b)  -> (artifact id: '870f34aeab2c5686ced0f357cf0edeff') in 0.083864 seconds 
========================================================================
Received Import Request.
  Time since last request: 0.000023 seconds.
  path: Assets/Tree_Textures/shadow.png
  artifactKey: Guid(745d04e123fe86f448cdd1ed8f48172b) Importer(815301076,1909f56bfc062723c751e8b465ee728b)
Start importing Assets/Tree_Textures/shadow.png using Guid(745d04e123fe86f448cdd1ed8f48172b) Importer(815301076,1909f56bfc062723c751e8b465ee728b)  -> (artifact id: '510668575888edf35cf945afc503b550') in 0.016573 seconds 
========================================================================
Received Import Request.
  Time since last request: 0.000048 seconds.
  path: Assets/Tree_Textures/translucency_gloss.png
  artifactKey: Guid(882eb1d5b0dd5a4439f59d1715b5dc24) Importer(815301076,1909f56bfc062723c751e8b465ee728b)
Start importing Assets/Tree_Textures/translucency_gloss.png using Guid(882eb1d5b0dd5a4439f59d1715b5dc24) Importer(815301076,1909f56bfc062723c751e8b465ee728b)  -> (artifact id: '7b0c07f2e70eda849b9423c9cf03204e') in 0.014283 seconds 
========================================================================
Received Import Request.
  Time since last request: 10.074265 seconds.
  path: Assets/Free_SpeedTree_Samples_for_Unity5/Sample Trees for Unity Subscription
  artifactKey: Guid(7b9eefe2f21a8fd4bb5aef867834cc11) Importer(815301076,1909f56bfc062723c751e8b465ee728b)
Start importing Assets/Free_SpeedTree_Samples_for_Unity5/Sample Trees for Unity Subscription using Guid(7b9eefe2f21a8fd4bb5aef867834cc11) Importer(815301076,1909f56bfc062723c751e8b465ee728b)  -> (artifact id: '223797a36cfe40e7e9ff049a5fa96eae') in 0.008003 seconds 
========================================================================
Received Import Request.
  Time since last request: 0.125456 seconds.
  path: Assets/Free_SpeedTree_Samples_for_Unity5/Sample Trees for Unity Subscription/Broadleaf_Desktop.spm
  artifactKey: Guid(feb9c9194f1b07242964565283230757) Importer(815301076,1909f56bfc062723c751e8b465ee728b)
Start importing Assets/Free_SpeedTree_Samples_for_Unity5/Sample Trees for Unity Subscription/Broadleaf_Desktop.spm using Guid(feb9c9194f1b07242964565283230757) Importer(815301076,1909f56bfc062723c751e8b465ee728b)  -> (artifact id: '12805e56a404bd926f2e693d96c96491') in 2.322578 seconds 
========================================================================
Received Import Request.
  Time since last request: 13.599754 seconds.
  path: Assets/Free_SpeedTree_Samples_for_Unity5/Sample Trees for Unity Subscription/Broadleaves.obj
  artifactKey: Guid(2c7db4ac6b97d1e43b18541f06784ec7) Importer(815301076,1909f56bfc062723c751e8b465ee728b)
Start importing Assets/Free_SpeedTree_Samples_for_Unity5/Sample Trees for Unity Subscription/Broadleaves.obj using Guid(2c7db4ac6b97d1e43b18541f06784ec7) Importer(815301076,1909f56bfc062723c751e8b465ee728b)  -> (artifact id: 'ac9e52fb74df28740b2f16df7f783b1b') in 0.059388 seconds 
========================================================================
Received Import Request.
  Time since last request: 0.000033 seconds.
  path: Assets/Tree.prefab
  artifactKey: Guid(fb6cae7bb81c93049914e5d0c11bf1e4) Importer(815301076,1909f56bfc062723c751e8b465ee728b)
Start importing Assets/Tree.prefab using Guid(fb6cae7bb81c93049914e5d0c11bf1e4) Importer(815301076,1909f56bfc062723c751e8b465ee728b)  -> (artifact id: '6438901d114e2ff2fbf871e5c211d2e1') in 0.493392 seconds 
========================================================================
Received Import Request.
  Time since last request: 0.000040 seconds.
  path: Assets/Free_SpeedTree_Samples_for_Unity5/Sample Trees for Unity Subscription/Palm_Desktop.spm
  artifactKey: Guid(43ad3f757f463d9498e2cefe4c4233b4) Importer(815301076,1909f56bfc062723c751e8b465ee728b)
Start importing Assets/Free_SpeedTree_Samples_for_Unity5/Sample Trees for Unity Subscription/Palm_Desktop.spm using Guid(43ad3f757f463d9498e2cefe4c4233b4) Importer(815301076,1909f56bfc062723c751e8b465ee728b)  -> (artifact id: '9aee22e80b82614aff9790217ae5ad03') in 0.150287 seconds 
========================================================================
Received Import Request.
  Time since last request: 1085.607014 seconds.
  path: Assets/low poly medieval buildings/bakery.fbx
  artifactKey: Guid(c034964186ba73843abf9c751bd0423a) Importer(815301076,1909f56bfc062723c751e8b465ee728b)
Start importing Assets/low poly medieval buildings/bakery.fbx using Guid(c034964186ba73843abf9c751bd0423a) Importer(815301076,1909f56bfc062723c751e8b465ee728b)  -> (artifact id: '98f57be572053219217f14426d1519c5') in 0.417729 seconds 
========================================================================
Received Import Request.
  Time since last request: 0.000033 seconds.
  path: Assets/low poly medieval buildings/market.fbx
  artifactKey: Guid(515d5ee6ed53daa45974b3b9e180c1c6) Importer(815301076,1909f56bfc062723c751e8b465ee728b)
Start importing Assets/low poly medieval buildings/market.fbx using Guid(515d5ee6ed53daa45974b3b9e180c1c6) Importer(815301076,1909f56bfc062723c751e8b465ee728b)  -> (artifact id: '1db108e68b4e2092892c34f5a2a176e2') in 0.035871 seconds 
========================================================================
Received Import Request.
  Time since last request: 0.000058 seconds.
  path: Assets/low poly medieval buildings/dairy.fbx
  artifactKey: Guid(58479c4b1e7fbec489650179ed19f798) Importer(815301076,1909f56bfc062723c751e8b465ee728b)
Start importing Assets/low poly medieval buildings/dairy.fbx using Guid(58479c4b1e7fbec489650179ed19f798) Importer(815301076,1909f56bfc062723c751e8b465ee728b)  -> (artifact id: 'f2f1c51cee7ceaf76b87493b89029b4c') in 0.250578 seconds 
========================================================================
Received Import Request.
  Time since last request: 0.000023 seconds.
  path: Assets/low poly medieval buildings/gate.fbx
  artifactKey: Guid(1e5a558e79eeb2045a71c5f092852cf1) Importer(815301076,1909f56bfc062723c751e8b465ee728b)
Start importing Assets/low poly medieval buildings/gate.fbx using Guid(1e5a558e79eeb2045a71c5f092852cf1) Importer(815301076,1909f56bfc062723c751e8b465ee728b)  -> (artifact id: 'cd6c300b4d4e85de43af2a10364ef233') in 0.040996 seconds 
========================================================================
Received Import Request.
  Time since last request: 8.719628 seconds.
  path: Assets/low poly medieval buildings/slaughterhouse.fbx
  artifactKey: Guid(bb8c0e8eb3d69064a8ae10b5e0d62d8b) Importer(815301076,1909f56bfc062723c751e8b465ee728b)
Start importing Assets/low poly medieval buildings/slaughterhouse.fbx using Guid(bb8c0e8eb3d69064a8ae10b5e0d62d8b) Importer(815301076,1909f56bfc062723c751e8b465ee728b)  -> (artifact id: 'b5bf572be3b223127b09185064e0e542') in 0.045138 seconds 
========================================================================
Received Import Request.
  Time since last request: 8.655540 seconds.
  path: Assets/low poly medieval buildings/stairs.fbx
  artifactKey: Guid(3d53bdb06508e5545a059e0412b2eee2) Importer(815301076,1909f56bfc062723c751e8b465ee728b)
Start importing Assets/low poly medieval buildings/stairs.fbx using Guid(3d53bdb06508e5545a059e0412b2eee2) Importer(815301076,1909f56bfc062723c751e8b465ee728b)  -> (artifact id: 'c1d9ecba20d033365d19c82fede15891') in 0.069064 seconds 
========================================================================
Received Import Request.
  Time since last request: 0.000024 seconds.
  path: Assets/low poly medieval buildings/tower_corner.fbx
  artifactKey: Guid(5ac5831a4705b70489955062116ed0e6) Importer(815301076,1909f56bfc062723c751e8b465ee728b)
Start importing Assets/low poly medieval buildings/tower_corner.fbx using Guid(5ac5831a4705b70489955062116ed0e6) Importer(815301076,1909f56bfc062723c751e8b465ee728b)  -> (artifact id: '11060cd42d0c0add4742af1365db0b85') in 0.041648 seconds 
========================================================================
Received Import Request.
  Time since last request: 2.690010 seconds.
  path: Assets/low poly medieval buildings/tower_small.fbx
  artifactKey: Guid(749452c483f72ef47acbba156497acfa) Importer(815301076,1909f56bfc062723c751e8b465ee728b)
Start importing Assets/low poly medieval buildings/tower_small.fbx using Guid(749452c483f72ef47acbba156497acfa) Importer(815301076,1909f56bfc062723c751e8b465ee728b)  -> (artifact id: '5df10985a9ff5fc8cdc9cab83ac1ba78') in 0.063771 seconds 
========================================================================
Received Import Request.
  Time since last request: 0.000022 seconds.
  path: Assets/low poly medieval buildings/windmill.fbx
  artifactKey: Guid(c784118e8dac13548832e0d70372f14f) Importer(815301076,1909f56bfc062723c751e8b465ee728b)
Start importing Assets/low poly medieval buildings/windmill.fbx using Guid(c784118e8dac13548832e0d70372f14f) Importer(815301076,1909f56bfc062723c751e8b465ee728b)  -> (artifact id: 'ec7655f84538b7a6c323b699b5e17fd8') in 0.086536 seconds 
========================================================================
Received Import Request.
  Time since last request: 807.701218 seconds.
  path: Assets/low poly medieval buildings/Materials
  artifactKey: Guid(9bb92b597a5f3614e8592736914db8fd) Importer(815301076,1909f56bfc062723c751e8b465ee728b)
Start importing Assets/low poly medieval buildings/Materials using Guid(9bb92b597a5f3614e8592736914db8fd) Importer(815301076,1909f56bfc062723c751e8b465ee728b)  -> (artifact id: '38f09325985eee787cbbfa8d7d5c03a2') in 0.008148 seconds 
========================================================================
Received Import Request.
  Time since last request: 0.042275 seconds.
  path: Assets/low poly medieval buildings/Materials/beam_albedo.tga
  artifactKey: Guid(5d1542bd5e049d94bba914f210fe4a70) Importer(815301076,1909f56bfc062723c751e8b465ee728b)
Start importing Assets/low poly medieval buildings/Materials/beam_albedo.tga using Guid(5d1542bd5e049d94bba914f210fe4a70) Importer(815301076,1909f56bfc062723c751e8b465ee728b)  -> (artifact id: '55c700c47eaaed75c5090d9860ab1339') in 0.020230 seconds 
========================================================================
Received Import Request.
  Time since last request: 0.000021 seconds.
  path: Assets/low poly medieval buildings/Materials/beam_normals.tga
  artifactKey: Guid(ccd0b23a1a6905c40bcbb2c963040da1) Importer(815301076,1909f56bfc062723c751e8b465ee728b)
Start importing Assets/low poly medieval buildings/Materials/beam_normals.tga using Guid(ccd0b23a1a6905c40bcbb2c963040da1) Importer(815301076,1909f56bfc062723c751e8b465ee728b)  -> (artifact id: '79a6875021159d2c852f2819353ba8fa') in 0.019080 seconds 
========================================================================
Received Import Request.
  Time since last request: 0.000014 seconds.
  path: Assets/low poly medieval buildings/Materials/bricks_metalness_smoothness.tga
  artifactKey: Guid(de01947a6fa94a84c8346990f9abda5f) Importer(815301076,1909f56bfc062723c751e8b465ee728b)
Start importing Assets/low poly medieval buildings/Materials/bricks_metalness_smoothness.tga using Guid(de01947a6fa94a84c8346990f9abda5f) Importer(815301076,1909f56bfc062723c751e8b465ee728b)  -> (artifact id: '6953fdeb9701b8b6acecf0bde0a88b1d') in 0.018487 seconds 
========================================================================
Received Import Request.
  Time since last request: 0.000032 seconds.
  path: Assets/low poly medieval buildings/Materials/bricks_normals.tga
  artifactKey: Guid(863217d45f48e60479c4f9c802149803) Importer(815301076,1909f56bfc062723c751e8b465ee728b)
Start importing Assets/low poly medieval buildings/Materials/bricks_normals.tga using Guid(863217d45f48e60479c4f9c802149803) Importer(815301076,1909f56bfc062723c751e8b465ee728b)  -> (artifact id: 'e1491ef24a70e031e11ca0f95f13ae5d') in 0.017907 seconds 
========================================================================
Received Import Request.
  Time since last request: 0.000014 seconds.
  path: Assets/low poly medieval buildings/Materials/buildings_2_albedo.tga
  artifactKey: Guid(f61544de927f9b8459f549f4f9aeb08d) Importer(815301076,1909f56bfc062723c751e8b465ee728b)
Start importing Assets/low poly medieval buildings/Materials/buildings_2_albedo.tga using Guid(f61544de927f9b8459f549f4f9aeb08d) Importer(815301076,1909f56bfc062723c751e8b465ee728b)  -> (artifact id: '57c1609132a0ecc1a5324b3a2a73f284') in 0.017122 seconds 
========================================================================
Received Import Request.
  Time since last request: 1.684948 seconds.
  path: Assets/low poly medieval buildings/Materials/buildings_3__normals.tga
  artifactKey: Guid(eafb241e90813a74a8d26be71da7c11e) Importer(815301076,1909f56bfc062723c751e8b465ee728b)
Start importing Assets/low poly medieval buildings/Materials/buildings_3__normals.tga using Guid(eafb241e90813a74a8d26be71da7c11e) Importer(815301076,1909f56bfc062723c751e8b465ee728b)  -> (artifact id: '2a95005967be3fca7cf7fc41dc469fcf') in 0.024928 seconds 
========================================================================
Received Import Request.
  Time since last request: 0.103173 seconds.
  path: Assets/low poly medieval buildings/Materials/buildings_3_metallness_smoothness.tga
  artifactKey: Guid(01d5c6d1341d59a438b59daf66893cc6) Importer(815301076,1909f56bfc062723c751e8b465ee728b)
Start importing Assets/low poly medieval buildings/Materials/buildings_3_metallness_smoothness.tga using Guid(01d5c6d1341d59a438b59daf66893cc6) Importer(815301076,1909f56bfc062723c751e8b465ee728b)  -> (artifact id: '4fee5cfaa99b61e58ce6c59ed3f731a3') in 0.015844 seconds 
========================================================================
Received Import Request.
  Time since last request: 1.512902 seconds.
  path: Assets/low poly medieval buildings/Materials/buildings_normals.tga
  artifactKey: Guid(3d76a9291d6d02840aab07da35498bb7) Importer(815301076,1909f56bfc062723c751e8b465ee728b)
Start importing Assets/low poly medieval buildings/Materials/buildings_normals.tga using Guid(3d76a9291d6d02840aab07da35498bb7) Importer(815301076,1909f56bfc062723c751e8b465ee728b)  -> (artifact id: 'ecb633fa857df1a53da6656f28a8800c') in 0.051045 seconds 
========================================================================
Received Import Request.
  Time since last request: 0.000040 seconds.
  path: Assets/low poly medieval buildings/Materials/planks_2_albedo.tga
  artifactKey: Guid(ce04e8425b2dc0f4dba3a289191e7a77) Importer(815301076,1909f56bfc062723c751e8b465ee728b)
Start importing Assets/low poly medieval buildings/Materials/planks_2_albedo.tga using Guid(ce04e8425b2dc0f4dba3a289191e7a77) Importer(815301076,1909f56bfc062723c751e8b465ee728b)  -> (artifact id: '5a696439e59b75efe708902c78971f3d') in 0.025158 seconds 
========================================================================
Received Import Request.
  Time since last request: 0.293015 seconds.
  path: Assets/low poly medieval buildings/Materials/planks_metalness_smoothness.tga
  artifactKey: Guid(c8c3e54ab530e7a4dad3fd511e02b9b0) Importer(815301076,1909f56bfc062723c751e8b465ee728b)
Start importing Assets/low poly medieval buildings/Materials/planks_metalness_smoothness.tga using Guid(c8c3e54ab530e7a4dad3fd511e02b9b0) Importer(815301076,1909f56bfc062723c751e8b465ee728b)  -> (artifact id: 'bd077ea401ad47fdc113726d98517b76') in 0.033428 seconds 
========================================================================
Received Import Request.
  Time since last request: 0.065552 seconds.
  path: Assets/low poly medieval buildings/Materials/plaster2_albedo.tga
  artifactKey: Guid(ea7c43dceb003924195de4a33c460698) Importer(815301076,1909f56bfc062723c751e8b465ee728b)
Start importing Assets/low poly medieval buildings/Materials/plaster2_albedo.tga using Guid(ea7c43dceb003924195de4a33c460698) Importer(815301076,1909f56bfc062723c751e8b465ee728b)  -> (artifact id: 'e1f6a64cfbcb2a9510543990d674c4d9') in 0.015536 seconds 
========================================================================
Received Import Request.
  Time since last request: 0.224468 seconds.
  path: Assets/low poly medieval buildings/Materials/plaster2_normals.tga
  artifactKey: Guid(91f3ed25af9c2d945ad763ccd9126e05) Importer(815301076,1909f56bfc062723c751e8b465ee728b)
Start importing Assets/low poly medieval buildings/Materials/plaster2_normals.tga using Guid(91f3ed25af9c2d945ad763ccd9126e05) Importer(815301076,1909f56bfc062723c751e8b465ee728b)  -> (artifact id: 'b792ab89bdd1f5ec167b8801d90baf6f') in 0.028437 seconds 
========================================================================
Received Import Request.
  Time since last request: 0.000022 seconds.
  path: Assets/low poly medieval buildings/Materials/ROOF.mat
  artifactKey: Guid(e31e150dccf379f4792f1855e6d7d9c1) Importer(815301076,1909f56bfc062723c751e8b465ee728b)
Start importing Assets/low poly medieval buildings/Materials/ROOF.mat using Guid(e31e150dccf379f4792f1855e6d7d9c1) Importer(815301076,1909f56bfc062723c751e8b465ee728b)  -> (artifact id: '67920767100373de5ad47358dad557ff') in 0.078936 seconds 
========================================================================
Received Import Request.
  Time since last request: 0.214339 seconds.
  path: Assets/low poly medieval buildings/Materials/roof_2_albedo.tga
  artifactKey: Guid(3a3b29daf6343214eb44254dbe21590e) Importer(815301076,1909f56bfc062723c751e8b465ee728b)
Start importing Assets/low poly medieval buildings/Materials/roof_2_albedo.tga using Guid(3a3b29daf6343214eb44254dbe21590e) Importer(815301076,1909f56bfc062723c751e8b465ee728b)  -> (artifact id: '8b22ce5e1e925424dcc1dbcd43ecbe7f') in 0.030423 seconds 
========================================================================
Received Import Request.
  Time since last request: 0.000041 seconds.
  path: Assets/low poly medieval buildings/Materials/roof_metalness_roughness.tga
  artifactKey: Guid(8f440f5889f3bc54cbc21ce0e11af483) Importer(815301076,1909f56bfc062723c751e8b465ee728b)
Start importing Assets/low poly medieval buildings/Materials/roof_metalness_roughness.tga using Guid(8f440f5889f3bc54cbc21ce0e11af483) Importer(815301076,1909f56bfc062723c751e8b465ee728b)  -> (artifact id: '2b8af44aa33ae60a0dab8c75ab2803f5') in 0.020768 seconds 
========================================================================
Received Import Request.
  Time since last request: 0.000029 seconds.
  path: Assets/low poly medieval buildings/Materials/roof_normals.tga
  artifactKey: Guid(e3068d2f83a4bb545a7f67ad19ae7216) Importer(815301076,1909f56bfc062723c751e8b465ee728b)
Start importing Assets/low poly medieval buildings/Materials/roof_normals.tga using Guid(e3068d2f83a4bb545a7f67ad19ae7216) Importer(815301076,1909f56bfc062723c751e8b465ee728b)  -> (artifact id: '21283a1e832c9673e5c6fe6f5af7148e') in 0.016192 seconds 
========================================================================
Received Import Request.
  Time since last request: 1103.005672 seconds.
  path: Assets/low poly medieval buildings/sawmill.fbx
  artifactKey: Guid(7173c2ccddc9b8b45b46f613abf5018c) Importer(815301076,1909f56bfc062723c751e8b465ee728b)
Start importing Assets/low poly medieval buildings/sawmill.fbx using Guid(7173c2ccddc9b8b45b46f613abf5018c) Importer(815301076,1909f56bfc062723c751e8b465ee728b)  -> (artifact id: 'b50ab491155037e01f58cc1b8432f21c') in 0.052216 seconds 
========================================================================
Received Import Request.
  Time since last request: 0.000065 seconds.
  path: Assets/low poly medieval buildings/tower_round.fbx
  artifactKey: Guid(b6055f26d5a29104581db22650507f4a) Importer(815301076,1909f56bfc062723c751e8b465ee728b)
Start importing Assets/low poly medieval buildings/tower_round.fbx using Guid(b6055f26d5a29104581db22650507f4a) Importer(815301076,1909f56bfc062723c751e8b465ee728b)  -> (artifact id: '5ea75b3db4f55e508d5ec9306d87b4f3') in 0.032411 seconds 
========================================================================
Received Import Request.
  Time since last request: 0.000033 seconds.
  path: Assets/low poly medieval buildings/tower_small.fbx
  artifactKey: Guid(749452c483f72ef47acbba156497acfa) Importer(815301076,1909f56bfc062723c751e8b465ee728b)
Start importing Assets/low poly medieval buildings/tower_small.fbx using Guid(749452c483f72ef47acbba156497acfa) Importer(815301076,1909f56bfc062723c751e8b465ee728b)  -> (artifact id: 'a61b68c12d77e00d34171103f7a9e1db') in 0.047452 seconds 
========================================================================
Received Import Request.
  Time since last request: 0.000024 seconds.
  path: Assets/low poly medieval buildings/windmill.fbx
  artifactKey: Guid(c784118e8dac13548832e0d70372f14f) Importer(815301076,1909f56bfc062723c751e8b465ee728b)
Start importing Assets/low poly medieval buildings/windmill.fbx using Guid(c784118e8dac13548832e0d70372f14f) Importer(815301076,1909f56bfc062723c751e8b465ee728b)  -> (artifact id: '887b4a9f4cee8eccdf0617ccdaaf0de0') in 0.084182 seconds 
========================================================================
Received Import Request.
  Time since last request: 0.000030 seconds.
  path: Assets/low poly medieval buildings/stairs.fbx
  artifactKey: Guid(3d53bdb06508e5545a059e0412b2eee2) Importer(815301076,1909f56bfc062723c751e8b465ee728b)
Start importing Assets/low poly medieval buildings/stairs.fbx using Guid(3d53bdb06508e5545a059e0412b2eee2) Importer(815301076,1909f56bfc062723c751e8b465ee728b)  -> (artifact id: '3ca0d8c54edc737242d0c52be12c4429') in 0.026026 seconds 
========================================================================
Received Import Request.
  Time since last request: 11.342081 seconds.
  path: Assets/low poly medieval buildings/palisade.fbx
  artifactKey: Guid(6b0df067d8acef346aae1d839098fcbb) Importer(815301076,1909f56bfc062723c751e8b465ee728b)
Start importing Assets/low poly medieval buildings/palisade.fbx using Guid(6b0df067d8acef346aae1d839098fcbb) Importer(815301076,1909f56bfc062723c751e8b465ee728b)  -> (artifact id: '9e68b0215dae4e07317efd7e62b5d1c1') in 0.058588 seconds 
========================================================================
Received Import Request.
  Time since last request: 0.909176 seconds.
  path: Assets/low poly medieval buildings/ironworks.fbx
  artifactKey: Guid(dcde1f44ae7793645b90074bc2c5871f) Importer(815301076,1909f56bfc062723c751e8b465ee728b)
Start importing Assets/low poly medieval buildings/ironworks.fbx using Guid(dcde1f44ae7793645b90074bc2c5871f) Importer(815301076,1909f56bfc062723c751e8b465ee728b)  -> (artifact id: '8bd54fd5cbea8f49731ccc974383ee15') in 0.057095 seconds 
========================================================================
Received Import Request.
  Time since last request: 0.679548 seconds.
  path: Assets/low poly medieval buildings/dairy.fbx
  artifactKey: Guid(58479c4b1e7fbec489650179ed19f798) Importer(815301076,1909f56bfc062723c751e8b465ee728b)
Start importing Assets/low poly medieval buildings/dairy.fbx using Guid(58479c4b1e7fbec489650179ed19f798) Importer(815301076,1909f56bfc062723c751e8b465ee728b)  -> (artifact id: '6c93c16bac1b5dcfb395e196e6af1cf8') in 0.051060 seconds 
========================================================================
Received Import Request.
  Time since last request: 20.587299 seconds.
  path: Assets/low poly medieval buildings/bakery.fbx
  artifactKey: Guid(c034964186ba73843abf9c751bd0423a) Importer(815301076,1909f56bfc062723c751e8b465ee728b)
Start importing Assets/low poly medieval buildings/bakery.fbx using Guid(c034964186ba73843abf9c751bd0423a) Importer(815301076,1909f56bfc062723c751e8b465ee728b)  -> (artifact id: '3fbb5aa413da58d7d88c5d5ed3dde36f') in 0.065332 seconds 
========================================================================
Received Import Request.
  Time since last request: 56.528084 seconds.
  path: Assets/Terrain/New Terrain.asset
  artifactKey: Guid(5c4054a7a5401524dbfca0f1d14adc29) Importer(815301076,1909f56bfc062723c751e8b465ee728b)
Start importing Assets/Terrain/New Terrain.asset using Guid(5c4054a7a5401524dbfca0f1d14adc29) Importer(815301076,1909f56bfc062723c751e8b465ee728b)  -> (artifact id: '4b168bfddfbdc7a3ff803c1b5cce627d') in 0.047962 seconds 
========================================================================
Received Prepare
Registering precompiled user dll's ...
Registered in 0.005688 seconds.
Begin MonoManager ReloadAssembly
Symbol file LoadedFromMemory doesn't match image H:\Unity\Mapa1Game\Library\PackageCache\com.unity.visualscripting@1.7.6\Editor\VisualScripting.Core\Dependencies\YamlDotNet\Unity.VisualScripting.YamlDotNet.dll
Symbol file LoadedFromMemory is not a mono symbol file
Symbol file LoadedFromMemory doesn't match image H:\Unity\Mapa1Game\Library\PackageCache\com.unity.visualscripting@1.7.6\Editor\VisualScripting.Core\Dependencies\DotNetZip\Unity.VisualScripting.IonicZip.dll
Native extension for WindowsStandalone target not found
Native extension for Android target not found
Refreshing native plugins compatible for Editor in 0.71 ms, found 3 plugins.
Preloading 0 native plugins for Editor in 0.00 ms.
Mono: successfully reloaded assembly
- Completed reload, in  1.344 seconds
Domain Reload Profiling:
	ReloadAssembly (1345ms)
		BeginReloadAssembly (290ms)
			ExecutionOrderSort (0ms)
			DisableScriptedObjects (8ms)
			BackupInstance (0ms)
			ReleaseScriptingObjects (0ms)
			CreateAndSetChildDomain (109ms)
		EndReloadAssembly (923ms)
			LoadAssemblies (179ms)
			RebuildTransferFunctionScriptingTraits (0ms)
			SetupTypeCache (331ms)
			ReleaseScriptCaches (1ms)
			RebuildScriptCaches (54ms)
			SetupLoadedEditorAssemblies (352ms)
				LogAssemblyErrors (0ms)
				InitializePlatformSupportModulesInManaged (27ms)
				SetLoadedEditorAssemblies (1ms)
				RefreshPlugins (1ms)
				BeforeProcessingInitializeOnLoad (69ms)
				ProcessInitializeOnLoadAttributes (224ms)
				ProcessInitializeOnLoadMethodAttributes (26ms)
				AfterProcessingInitializeOnLoad (4ms)
				EditorAssembliesLoaded (0ms)
			ExecutionOrderSort2 (0ms)
			AwakeInstancesAfterBackupRestoration (7ms)
Platform modules already initialized, skipping
Refreshing native plugins compatible for Editor in 1.98 ms, found 3 plugins.
Preloading 0 native plugins for Editor in 0.00 ms.
Unloading 3220 Unused Serialized files (Serialized files now loaded: 0)
Unloading 17 unused Assets / (79.8 KB). Loaded Objects now: 3769.
Memory consumption went from 137.1 MB to 137.0 MB.
Total: 3.546800 ms (FindLiveObjects: 0.277300 ms CreateObjectMapping: 0.189500 ms MarkObjects: 2.994800 ms  DeleteObjects: 0.084200 ms)

AssetImportParameters requested are different than current active one (requested -> active):
  custom:video-decoder-ogg-theora: a1e56fd34408186e4bbccfd4996cb3dc -> 
  custom:container-muxer-webm: aa71ff27fc2769a1b78a27578f13a17b -> 
  custom:container-demuxer-webm: 4f35f7cbe854078d1ac9338744f61a02 -> 
  custom:video-encoder-webm-vp8: eb34c28f22e8b96e1ab97ce403110664 -> 
  custom:audio-encoder-webm-vorbis: bf7c407c2cedff20999df2af8eb42d56 -> 
  custom:framework-win-MediaFoundation: 216162199b28c13a410421893ffa2e32 -> 
  custom:container-demuxer-ogg: 62fdf1f143b41e24485cea50d1cbac27 -> 
  custom:video-decoder-webm-vp8: 9c59270c3fd7afecdb556c50c9e8de78 -> 
  custom:audio-decoder-ogg-vorbis: bf7c407c2cedff20999df2af8eb42d56 -> 
========================================================================
Received Prepare
Registering precompiled user dll's ...
Registered in 0.007316 seconds.
Begin MonoManager ReloadAssembly
Symbol file LoadedFromMemory doesn't match image H:\Unity\Mapa1Game\Library\PackageCache\com.unity.visualscripting@1.7.6\Editor\VisualScripting.Core\Dependencies\YamlDotNet\Unity.VisualScripting.YamlDotNet.dll
Symbol file LoadedFromMemory is not a mono symbol file
Symbol file LoadedFromMemory doesn't match image H:\Unity\Mapa1Game\Library\PackageCache\com.unity.visualscripting@1.7.6\Editor\VisualScripting.Core\Dependencies\DotNetZip\Unity.VisualScripting.IonicZip.dll
Native extension for WindowsStandalone target not found
Native extension for Android target not found
Refreshing native plugins compatible for Editor in 0.89 ms, found 3 plugins.
Preloading 0 native plugins for Editor in 0.00 ms.
Mono: successfully reloaded assembly
- Completed reload, in  1.178 seconds
Domain Reload Profiling:
	ReloadAssembly (1179ms)
		BeginReloadAssembly (183ms)
			ExecutionOrderSort (0ms)
			DisableScriptedObjects (9ms)
			BackupInstance (0ms)
			ReleaseScriptingObjects (0ms)
			CreateAndSetChildDomain (42ms)
		EndReloadAssembly (890ms)
			LoadAssemblies (159ms)
			RebuildTransferFunctionScriptingTraits (0ms)
			SetupTypeCache (313ms)
			ReleaseScriptCaches (2ms)
			RebuildScriptCaches (51ms)
			SetupLoadedEditorAssemblies (349ms)
				LogAssemblyErrors (0ms)
				InitializePlatformSupportModulesInManaged (25ms)
				SetLoadedEditorAssemblies (1ms)
				RefreshPlugins (1ms)
				BeforeProcessingInitializeOnLoad (65ms)
				ProcessInitializeOnLoadAttributes (226ms)
				ProcessInitializeOnLoadMethodAttributes (27ms)
				AfterProcessingInitializeOnLoad (4ms)
				EditorAssembliesLoaded (0ms)
			ExecutionOrderSort2 (0ms)
			AwakeInstancesAfterBackupRestoration (8ms)
Platform modules already initialized, skipping
Refreshing native plugins compatible for Editor in 2.25 ms, found 3 plugins.
Preloading 0 native plugins for Editor in 0.00 ms.
Unloading 3220 Unused Serialized files (Serialized files now loaded: 0)
Unloading 16 unused Assets / (79.2 KB). Loaded Objects now: 3772.
Memory consumption went from 137.1 MB to 137.0 MB.
Total: 5.782900 ms (FindLiveObjects: 0.426400 ms CreateObjectMapping: 0.672400 ms MarkObjects: 4.462400 ms  DeleteObjects: 0.219200 ms)

AssetImportParameters requested are different than current active one (requested -> active):
  custom:video-decoder-ogg-theora: a1e56fd34408186e4bbccfd4996cb3dc -> 
  custom:container-muxer-webm: aa71ff27fc2769a1b78a27578f13a17b -> 
  custom:container-demuxer-webm: 4f35f7cbe854078d1ac9338744f61a02 -> 
  custom:video-encoder-webm-vp8: eb34c28f22e8b96e1ab97ce403110664 -> 
  custom:audio-encoder-webm-vorbis: bf7c407c2cedff20999df2af8eb42d56 -> 
  custom:framework-win-MediaFoundation: 216162199b28c13a410421893ffa2e32 -> 
  custom:container-demuxer-ogg: 62fdf1f143b41e24485cea50d1cbac27 -> 
  custom:video-decoder-webm-vp8: 9c59270c3fd7afecdb556c50c9e8de78 -> 
  custom:audio-decoder-ogg-vorbis: bf7c407c2cedff20999df2af8eb42d56 -> 
