Using pre-set license
Built from '2021.3/staging' branch; Version is '2021.3.1f1 (3b70a0754835) revision 3895456'; Using compiler version '192829333'; Build Type 'Release'
OS: 'Windows 10  (10.0.19044) 64bit ProfessionalWorkstation' Language: 'pt' Physical Memory: 16324 MB
BatchMode: 1, IsHumanControllingUs: 0, StartBugReporterOnCrash: 0, Is64bit: 1, IsPro: 1

COMMAND LINE ARGUMENTS:
H:\Arq_Unity\2021.3.1f1\Editor\Unity.exe
-adb2
-batchMode
-noUpm
-name
AssetImportWorker1
-projectPath
H:/Unity/Mapa1Game
-logFile
Logs/AssetImportWorker1.log
-srvPort
51113
Successfully changed project path to: H:/Unity/Mapa1Game
H:/Unity/Mapa1Game
[UnityMemory] Configuration Parameters - Can be set up in boot.config
    "memorysetup-bucket-allocator-granularity=16"
    "memorysetup-bucket-allocator-bucket-count=8"
    "memorysetup-bucket-allocator-block-size=33554432"
    "memorysetup-bucket-allocator-block-count=8"
    "memorysetup-main-allocator-block-size=16777216"
    "memorysetup-thread-allocator-block-size=16777216"
    "memorysetup-gfx-main-allocator-block-size=16777216"
    "memorysetup-gfx-thread-allocator-block-size=16777216"
    "memorysetup-cache-allocator-block-size=4194304"
    "memorysetup-typetree-allocator-block-size=2097152"
    "memorysetup-profiler-bucket-allocator-granularity=16"
    "memorysetup-profiler-bucket-allocator-bucket-count=8"
    "memorysetup-profiler-bucket-allocator-block-size=33554432"
    "memorysetup-profiler-bucket-allocator-block-count=8"
    "memorysetup-profiler-allocator-block-size=16777216"
    "memorysetup-profiler-editor-allocator-block-size=1048576"
    "memorysetup-temp-allocator-size-main=16777216"
    "memorysetup-job-temp-allocator-block-size=2097152"
    "memorysetup-job-temp-allocator-block-size-background=1048576"
    "memorysetup-job-temp-allocator-reduction-small-platforms=262144"
    "memorysetup-temp-allocator-size-background-worker=32768"
    "memorysetup-temp-allocator-size-job-worker=262144"
    "memorysetup-temp-allocator-size-preload-manager=33554432"
    "memorysetup-temp-allocator-size-nav-mesh-worker=65536"
    "memorysetup-temp-allocator-size-audio-worker=65536"
    "memorysetup-temp-allocator-size-cloud-worker=32768"
    "memorysetup-temp-allocator-size-gi-baking-worker=262144"
    "memorysetup-temp-allocator-size-gfx=262144"
Refreshing native plugins compatible for Editor in 72.96 ms, found 3 plugins.
Preloading 0 native plugins for Editor in 0.00 ms.
Initialize engine version: 2021.3.1f1 (3b70a0754835)
[Subsystems] Discovering subsystems at path H:/Arq_Unity/2021.3.1f1/Editor/Data/Resources/UnitySubsystems
[Subsystems] Discovering subsystems at path H:/Unity/Mapa1Game/Assets
GfxDevice: creating device client; threaded=0; jobified=0
Direct3D:
    Version:  Direct3D 11.0 [level 11.1]
    Renderer: NVIDIA GeForce GTX 1060 6GB (ID=0x1c03)
    Vendor:   NVIDIA
    VRAM:     6043 MB
    Driver:   31.0.15.2824
Initialize mono
Mono path[0] = 'H:/Arq_Unity/2021.3.1f1/Editor/Data/Managed'
Mono path[1] = 'H:/Arq_Unity/2021.3.1f1/Editor/Data/MonoBleedingEdge/lib/mono/unityjit-win32'
Mono config path = 'H:/Arq_Unity/2021.3.1f1/Editor/Data/MonoBleedingEdge/etc'
Using monoOptions --debugger-agent=transport=dt_socket,embedding=1,server=y,suspend=n,address=127.0.0.1:56856
Begin MonoManager ReloadAssembly
Registering precompiled unity dll's ...
Register platform support module: H:/Arq_Unity/2021.3.1f1/Editor/Data/PlaybackEngines/AndroidPlayer/UnityEditor.Android.Extensions.dll
Register platform support module: H:/Arq_Unity/2021.3.1f1/Editor/Data/PlaybackEngines/WindowsStandaloneSupport/UnityEditor.WindowsStandalone.Extensions.dll
Registered in 0.003117 seconds.
Native extension for WindowsStandalone target not found
Native extension for Android target not found
Refreshing native plugins compatible for Editor in 70.75 ms, found 3 plugins.
Preloading 0 native plugins for Editor in 0.00 ms.
Mono: successfully reloaded assembly
- Completed reload, in  0.630 seconds
Domain Reload Profiling:
	ReloadAssembly (631ms)
		BeginReloadAssembly (98ms)
			ExecutionOrderSort (0ms)
			DisableScriptedObjects (0ms)
			BackupInstance (0ms)
			ReleaseScriptingObjects (0ms)
			CreateAndSetChildDomain (1ms)
		EndReloadAssembly (437ms)
			LoadAssemblies (98ms)
			RebuildTransferFunctionScriptingTraits (0ms)
			SetupTypeCache (110ms)
			ReleaseScriptCaches (0ms)
			RebuildScriptCaches (31ms)
			SetupLoadedEditorAssemblies (247ms)
				LogAssemblyErrors (0ms)
				InitializePlatformSupportModulesInManaged (37ms)
				SetLoadedEditorAssemblies (0ms)
				RefreshPlugins (71ms)
				BeforeProcessingInitializeOnLoad (1ms)
				ProcessInitializeOnLoadAttributes (96ms)
				ProcessInitializeOnLoadMethodAttributes (42ms)
				AfterProcessingInitializeOnLoad (0ms)
				EditorAssembliesLoaded (0ms)
			ExecutionOrderSort2 (0ms)
			AwakeInstancesAfterBackupRestoration (0ms)
Platform modules already initialized, skipping
Registering precompiled user dll's ...
Registered in 0.004516 seconds.
Begin MonoManager ReloadAssembly
Symbol file LoadedFromMemory doesn't match image H:\Unity\Mapa1Game\Library\PackageCache\com.unity.visualscripting@1.7.6\Editor\VisualScripting.Core\Dependencies\YamlDotNet\Unity.VisualScripting.YamlDotNet.dll
Symbol file LoadedFromMemory is not a mono symbol file
Symbol file LoadedFromMemory doesn't match image H:\Unity\Mapa1Game\Library\PackageCache\com.unity.visualscripting@1.7.6\Editor\VisualScripting.Core\Dependencies\DotNetZip\Unity.VisualScripting.IonicZip.dll
Native extension for WindowsStandalone target not found
Native extension for Android target not found
Refreshing native plugins compatible for Editor in 0.60 ms, found 3 plugins.
Preloading 0 native plugins for Editor in 0.00 ms.
Mono: successfully reloaded assembly
- Completed reload, in  0.952 seconds
Domain Reload Profiling:
	ReloadAssembly (953ms)
		BeginReloadAssembly (127ms)
			ExecutionOrderSort (0ms)
			DisableScriptedObjects (7ms)
			BackupInstance (0ms)
			ReleaseScriptingObjects (0ms)
			CreateAndSetChildDomain (22ms)
		EndReloadAssembly (720ms)
			LoadAssemblies (125ms)
			RebuildTransferFunctionScriptingTraits (0ms)
			SetupTypeCache (250ms)
			ReleaseScriptCaches (1ms)
			RebuildScriptCaches (48ms)
			SetupLoadedEditorAssemblies (282ms)
				LogAssemblyErrors (0ms)
				InitializePlatformSupportModulesInManaged (11ms)
				SetLoadedEditorAssemblies (0ms)
				RefreshPlugins (1ms)
				BeforeProcessingInitializeOnLoad (64ms)
				ProcessInitializeOnLoadAttributes (182ms)
				ProcessInitializeOnLoadMethodAttributes (20ms)
				AfterProcessingInitializeOnLoad (3ms)
				EditorAssembliesLoaded (0ms)
			ExecutionOrderSort2 (0ms)
			AwakeInstancesAfterBackupRestoration (6ms)
Platform modules already initialized, skipping
========================================================================
Worker process is ready to serve import requests
Launched and connected shader compiler UnityShaderCompiler.exe after 0.04 seconds
Refreshing native plugins compatible for Editor in 0.73 ms, found 3 plugins.
Preloading 0 native plugins for Editor in 0.00 ms.
Unloading 3225 Unused Serialized files (Serialized files now loaded: 0)
Unloading 23 unused Assets / (112.1 KB). Loaded Objects now: 3711.
Memory consumption went from 126.8 MB to 126.7 MB.
Total: 2.908700 ms (FindLiveObjects: 0.385100 ms CreateObjectMapping: 0.228500 ms MarkObjects: 2.196200 ms  DeleteObjects: 0.097600 ms)

AssetImportParameters requested are different than current active one (requested -> active):
  custom:video-decoder-ogg-theora: a1e56fd34408186e4bbccfd4996cb3dc -> 
  custom:container-muxer-webm: aa71ff27fc2769a1b78a27578f13a17b -> 
  custom:container-demuxer-webm: 4f35f7cbe854078d1ac9338744f61a02 -> 
  custom:video-encoder-webm-vp8: eb34c28f22e8b96e1ab97ce403110664 -> 
  custom:audio-encoder-webm-vorbis: bf7c407c2cedff20999df2af8eb42d56 -> 
  custom:framework-win-MediaFoundation: 216162199b28c13a410421893ffa2e32 -> 
  custom:container-demuxer-ogg: 62fdf1f143b41e24485cea50d1cbac27 -> 
  custom:video-decoder-webm-vp8: 9c59270c3fd7afecdb556c50c9e8de78 -> 
  custom:audio-decoder-ogg-vorbis: bf7c407c2cedff20999df2af8eb42d56 -> 
========================================================================
Received Import Request.
  Time since last request: 35591.491979 seconds.
  path: Assets/Tree_Textures/normal_specular.png
  artifactKey: Guid(61d840fbddb76314d86aebd7fcbfb0f6) Importer(815301076,1909f56bfc062723c751e8b465ee728b)
Start importing Assets/Tree_Textures/normal_specular.png using Guid(61d840fbddb76314d86aebd7fcbfb0f6) Importer(815301076,1909f56bfc062723c751e8b465ee728b)  -> (artifact id: 'd768dc16f076f97c14664c954961e9cc') in 0.104190 seconds 
========================================================================
Received Import Request.
  Time since last request: 10.233906 seconds.
  path: Assets/Free_SpeedTree_Samples_for_Unity5/Sample Trees for Unity Subscription/Broadleaf_Desktop_Atlas.tga
  artifactKey: Guid(344d3c84ec474294c86a7e6cd8ba9a6b) Importer(815301076,1909f56bfc062723c751e8b465ee728b)
Start importing Assets/Free_SpeedTree_Samples_for_Unity5/Sample Trees for Unity Subscription/Broadleaf_Desktop_Atlas.tga using Guid(344d3c84ec474294c86a7e6cd8ba9a6b) Importer(815301076,1909f56bfc062723c751e8b465ee728b)  -> (artifact id: '94ae2e56f817ef18369c96282c9a6499') in 0.040651 seconds 
========================================================================
Received Import Request.
  Time since last request: 0.000033 seconds.
  path: Assets/Free_SpeedTree_Samples_for_Unity5/Sample Trees for Unity Subscription/Broadleaf_Mobile_Atlas_Specular.tga
  artifactKey: Guid(ea42cf531778d71438adc5f24420a628) Importer(815301076,1909f56bfc062723c751e8b465ee728b)
Start importing Assets/Free_SpeedTree_Samples_for_Unity5/Sample Trees for Unity Subscription/Broadleaf_Mobile_Atlas_Specular.tga using Guid(ea42cf531778d71438adc5f24420a628) Importer(815301076,1909f56bfc062723c751e8b465ee728b)  -> (artifact id: 'cbd039fbd166d80ce8e0f2d12f34a0dd') in 0.029800 seconds 
========================================================================
Received Import Request.
  Time since last request: 0.000021 seconds.
  path: Assets/Free_SpeedTree_Samples_for_Unity5/Sample Trees for Unity Subscription/Broadleaf_Desktop_Atlas_Normal.tga
  artifactKey: Guid(bd7c2d198c5b7af4e8af18ec34f755c8) Importer(815301076,1909f56bfc062723c751e8b465ee728b)
Start importing Assets/Free_SpeedTree_Samples_for_Unity5/Sample Trees for Unity Subscription/Broadleaf_Desktop_Atlas_Normal.tga using Guid(bd7c2d198c5b7af4e8af18ec34f755c8) Importer(815301076,1909f56bfc062723c751e8b465ee728b)  -> (artifact id: 'e75d170bba7c2fa4024c019e8f43e631') in 0.065483 seconds 
========================================================================
Received Import Request.
  Time since last request: 0.000031 seconds.
  path: Assets/Free_SpeedTree_Samples_for_Unity5/Sample Trees for Unity Subscription/Broadleaf_Mobile_Atlas_Normal.tga
  artifactKey: Guid(ef8c55ad857237d4096c57cf63377cc7) Importer(815301076,1909f56bfc062723c751e8b465ee728b)
Start importing Assets/Free_SpeedTree_Samples_for_Unity5/Sample Trees for Unity Subscription/Broadleaf_Mobile_Atlas_Normal.tga using Guid(ef8c55ad857237d4096c57cf63377cc7) Importer(815301076,1909f56bfc062723c751e8b465ee728b)  -> (artifact id: '02f1dfac2b59f1c9c1a42ae26465ec58') in 0.029259 seconds 
========================================================================
Received Import Request.
  Time since last request: 0.000034 seconds.
  path: Assets/Free_SpeedTree_Samples_for_Unity5/Sample Trees for Unity Subscription/Broadleaf_Desktop_Atlas_Specular.tga
  artifactKey: Guid(b29fe926146c9114ca3ec7a8958b35f6) Importer(815301076,1909f56bfc062723c751e8b465ee728b)
Start importing Assets/Free_SpeedTree_Samples_for_Unity5/Sample Trees for Unity Subscription/Broadleaf_Desktop_Atlas_Specular.tga using Guid(b29fe926146c9114ca3ec7a8958b35f6) Importer(815301076,1909f56bfc062723c751e8b465ee728b)  -> (artifact id: '4b1200696fa98c1cff29abd6e8bf650a') in 0.024887 seconds 
========================================================================
Received Import Request.
  Time since last request: 0.000048 seconds.
  path: Assets/Free_SpeedTree_Samples_for_Unity5/Sample Trees for Unity Subscription/Broadleaf_Mobile_Atlas_Billboards.tga
  artifactKey: Guid(caf58038f8a7f9c4a865e9457ca27d94) Importer(815301076,1909f56bfc062723c751e8b465ee728b)
Start importing Assets/Free_SpeedTree_Samples_for_Unity5/Sample Trees for Unity Subscription/Broadleaf_Mobile_Atlas_Billboards.tga using Guid(caf58038f8a7f9c4a865e9457ca27d94) Importer(815301076,1909f56bfc062723c751e8b465ee728b)  -> (artifact id: '0c29358284aeafff0140e5b3a5b84495') in 0.019148 seconds 
========================================================================
Received Import Request.
  Time since last request: 0.000037 seconds.
  path: Assets/Free_SpeedTree_Samples_for_Unity5/Sample Trees for Unity Subscription/Broadleaf_Mobile.spm
  artifactKey: Guid(6ed7141fd7c50d94d9aa8f9bb627b2d7) Importer(815301076,1909f56bfc062723c751e8b465ee728b)
Start importing Assets/Free_SpeedTree_Samples_for_Unity5/Sample Trees for Unity Subscription/Broadleaf_Mobile.spm using Guid(6ed7141fd7c50d94d9aa8f9bb627b2d7) Importer(815301076,1909f56bfc062723c751e8b465ee728b)  -> (artifact id: '8bbcb9d45200bd82ea48dfa8d6683543') in 1.521018 seconds 
========================================================================
Received Import Request.
  Time since last request: 0.000045 seconds.
  path: Assets/Free_SpeedTree_Samples_for_Unity5/Sample Trees for Unity Subscription/Broadleaf_Mobile_Atlas_Billboards_Normal.tga
  artifactKey: Guid(5064e892a36268f45a85cf57b9d100bc) Importer(815301076,1909f56bfc062723c751e8b465ee728b)
Start importing Assets/Free_SpeedTree_Samples_for_Unity5/Sample Trees for Unity Subscription/Broadleaf_Mobile_Atlas_Billboards_Normal.tga using Guid(5064e892a36268f45a85cf57b9d100bc) Importer(815301076,1909f56bfc062723c751e8b465ee728b)  -> (artifact id: 'ef2a304ac4fe857f352d96ae82d82f50') in 0.021811 seconds 
========================================================================
Received Import Request.
  Time since last request: 0.000036 seconds.
  path: Assets/Free_SpeedTree_Samples_for_Unity5/Sample Trees for Unity Subscription/Broadleaf_Desktop_Atlas_Billboards.tga
  artifactKey: Guid(8b5c13a6e4f807248858198886ea8fb4) Importer(815301076,1909f56bfc062723c751e8b465ee728b)
Start importing Assets/Free_SpeedTree_Samples_for_Unity5/Sample Trees for Unity Subscription/Broadleaf_Desktop_Atlas_Billboards.tga using Guid(8b5c13a6e4f807248858198886ea8fb4) Importer(815301076,1909f56bfc062723c751e8b465ee728b)  -> (artifact id: 'ed2565f1944b86e744769a14d01a020a') in 0.023196 seconds 
========================================================================
Received Import Request.
  Time since last request: 0.000033 seconds.
  path: Assets/Free_SpeedTree_Samples_for_Unity5/Sample Trees for Unity Subscription/Broadleaf_Desktop_Atlas_Billboards_Normal.tga
  artifactKey: Guid(d912efef544109848afc679e74bf6b44) Importer(815301076,1909f56bfc062723c751e8b465ee728b)
Start importing Assets/Free_SpeedTree_Samples_for_Unity5/Sample Trees for Unity Subscription/Broadleaf_Desktop_Atlas_Billboards_Normal.tga using Guid(d912efef544109848afc679e74bf6b44) Importer(815301076,1909f56bfc062723c751e8b465ee728b)  -> (artifact id: 'b77642c7b0c6d9e566b5b86f4484d595') in 0.022565 seconds 
========================================================================
Received Import Request.
  Time since last request: 0.000027 seconds.
  path: Assets/Free_SpeedTree_Samples_for_Unity5/Sample Trees for Unity Subscription/Broadleaf_Mobile_Atlas.tga
  artifactKey: Guid(b614e74b3a5609f4384e9242e7059173) Importer(815301076,1909f56bfc062723c751e8b465ee728b)
Start importing Assets/Free_SpeedTree_Samples_for_Unity5/Sample Trees for Unity Subscription/Broadleaf_Mobile_Atlas.tga using Guid(b614e74b3a5609f4384e9242e7059173) Importer(815301076,1909f56bfc062723c751e8b465ee728b)  -> (artifact id: '567e9881b9ab6e549a5e8d3e38cd69e7') in 0.025685 seconds 
========================================================================
Received Import Request.
  Time since last request: 0.000048 seconds.
  path: Assets/Free_SpeedTree_Samples_for_Unity5/Sample Trees for Unity Subscription/BroadleafBark.tga
  artifactKey: Guid(7229da71bae8da44f994b545fb012e6b) Importer(815301076,1909f56bfc062723c751e8b465ee728b)
Start importing Assets/Free_SpeedTree_Samples_for_Unity5/Sample Trees for Unity Subscription/BroadleafBark.tga using Guid(7229da71bae8da44f994b545fb012e6b) Importer(815301076,1909f56bfc062723c751e8b465ee728b)  -> (artifact id: '5c441b33bfd6f0aacc5d91f0ccaadd1e') in 0.018090 seconds 
========================================================================
Received Import Request.
  Time since last request: 14.009502 seconds.
  path: Assets/Free_SpeedTree_Samples_for_Unity5/Sample Trees for Unity Subscription/Conifer_Desktop.spm
  artifactKey: Guid(98bc7ab968f12b94d8069deccb86a6b9) Importer(815301076,1909f56bfc062723c751e8b465ee728b)
Start importing Assets/Free_SpeedTree_Samples_for_Unity5/Sample Trees for Unity Subscription/Conifer_Desktop.spm using Guid(98bc7ab968f12b94d8069deccb86a6b9) Importer(815301076,1909f56bfc062723c751e8b465ee728b)  -> (artifact id: '464e6993bb53827ade97c40efc5e7ece') in 0.937557 seconds 
========================================================================
Received Import Request.
  Time since last request: 1085.385614 seconds.
  path: Assets/low poly medieval buildings/barrack.fbx
  artifactKey: Guid(ceae2dc210e1e7e459a3eb0a6de39b4d) Importer(815301076,1909f56bfc062723c751e8b465ee728b)
Start importing Assets/low poly medieval buildings/barrack.fbx using Guid(ceae2dc210e1e7e459a3eb0a6de39b4d) Importer(815301076,1909f56bfc062723c751e8b465ee728b)  -> (artifact id: 'fd8543bfc991167817320c870a940b3e') in 0.284867 seconds 
========================================================================
Received Import Request.
  Time since last request: 0.000023 seconds.
  path: Assets/low poly medieval buildings/ironworks.fbx
  artifactKey: Guid(dcde1f44ae7793645b90074bc2c5871f) Importer(815301076,1909f56bfc062723c751e8b465ee728b)
Start importing Assets/low poly medieval buildings/ironworks.fbx using Guid(dcde1f44ae7793645b90074bc2c5871f) Importer(815301076,1909f56bfc062723c751e8b465ee728b)  -> (artifact id: '3aa25746ea3217c44b60451e0eb4a404') in 0.248314 seconds 
========================================================================
Received Import Request.
  Time since last request: 0.000043 seconds.
  path: Assets/low poly medieval buildings/house.fbx
  artifactKey: Guid(81ae10d5415799d4db940c6fe498e861) Importer(815301076,1909f56bfc062723c751e8b465ee728b)
Start importing Assets/low poly medieval buildings/house.fbx using Guid(81ae10d5415799d4db940c6fe498e861) Importer(815301076,1909f56bfc062723c751e8b465ee728b)  -> (artifact id: 'e4ab2f1623b443ef683438b6003f7e82') in 0.043026 seconds 
========================================================================
Received Import Request.
  Time since last request: 0.000027 seconds.
  path: Assets/low poly medieval buildings/palisade.fbx
  artifactKey: Guid(6b0df067d8acef346aae1d839098fcbb) Importer(815301076,1909f56bfc062723c751e8b465ee728b)
Start importing Assets/low poly medieval buildings/palisade.fbx using Guid(6b0df067d8acef346aae1d839098fcbb) Importer(815301076,1909f56bfc062723c751e8b465ee728b)  -> (artifact id: '1db83324d7194e6e8cfcae9cafe55e82') in 0.030822 seconds 
========================================================================
Received Import Request.
  Time since last request: 0.000036 seconds.
  path: Assets/low poly medieval buildings/mine.fbx
  artifactKey: Guid(53bcbe80f2d2a0b43987b394e46d45b2) Importer(815301076,1909f56bfc062723c751e8b465ee728b)
Start importing Assets/low poly medieval buildings/mine.fbx using Guid(53bcbe80f2d2a0b43987b394e46d45b2) Importer(815301076,1909f56bfc062723c751e8b465ee728b)  -> (artifact id: '14c8fcb22cbccfd2cc9d651f7ae0afa7') in 0.031731 seconds 
========================================================================
Received Import Request.
  Time since last request: 0.000022 seconds.
  path: Assets/low poly medieval buildings/quarry.fbx
  artifactKey: Guid(0933f6a03cb7a9949b12517e3254da12) Importer(815301076,1909f56bfc062723c751e8b465ee728b)
Start importing Assets/low poly medieval buildings/quarry.fbx using Guid(0933f6a03cb7a9949b12517e3254da12) Importer(815301076,1909f56bfc062723c751e8b465ee728b)  -> (artifact id: 'be0c34651924b11f2d72913b61f8a1a6') in 0.034967 seconds 
========================================================================
Received Import Request.
  Time since last request: 0.000026 seconds.
  path: Assets/low poly medieval buildings/sawmill.fbx
  artifactKey: Guid(7173c2ccddc9b8b45b46f613abf5018c) Importer(815301076,1909f56bfc062723c751e8b465ee728b)
Start importing Assets/low poly medieval buildings/sawmill.fbx using Guid(7173c2ccddc9b8b45b46f613abf5018c) Importer(815301076,1909f56bfc062723c751e8b465ee728b)  -> (artifact id: 'c3e723d50ed192a34dec99818540a796') in 0.046643 seconds 
========================================================================
Received Import Request.
  Time since last request: 8.719417 seconds.
  path: Assets/low poly medieval buildings/smith.fbx
  artifactKey: Guid(8e087afc636a7f643a64e9a824233e88) Importer(815301076,1909f56bfc062723c751e8b465ee728b)
Start importing Assets/low poly medieval buildings/smith.fbx using Guid(8e087afc636a7f643a64e9a824233e88) Importer(815301076,1909f56bfc062723c751e8b465ee728b)  -> (artifact id: '0976bb5b7e7dc292c9046a3536ccf4b9') in 0.208175 seconds 
========================================================================
Received Import Request.
  Time since last request: 8.507877 seconds.
  path: Assets/low poly medieval buildings/tower.fbx
  artifactKey: Guid(1b1855b9ff55aff4e85433c21d07ca92) Importer(815301076,1909f56bfc062723c751e8b465ee728b)
Start importing Assets/low poly medieval buildings/tower.fbx using Guid(1b1855b9ff55aff4e85433c21d07ca92) Importer(815301076,1909f56bfc062723c751e8b465ee728b)  -> (artifact id: 'cc5359af1d3c2782d1b8ed7f751e5d33') in 0.069528 seconds 
========================================================================
Received Import Request.
  Time since last request: 0.000027 seconds.
  path: Assets/low poly medieval buildings/tower_round.fbx
  artifactKey: Guid(b6055f26d5a29104581db22650507f4a) Importer(815301076,1909f56bfc062723c751e8b465ee728b)
Start importing Assets/low poly medieval buildings/tower_round.fbx using Guid(b6055f26d5a29104581db22650507f4a) Importer(815301076,1909f56bfc062723c751e8b465ee728b)  -> (artifact id: 'e565248526720885c2fd909ccbb5d49a') in 0.045076 seconds 
========================================================================
Received Import Request.
  Time since last request: 2.673027 seconds.
  path: Assets/low poly medieval buildings/wall.fbx
  artifactKey: Guid(0a3041dcda597954782f48ac8a97bf33) Importer(815301076,1909f56bfc062723c751e8b465ee728b)
Start importing Assets/low poly medieval buildings/wall.fbx using Guid(0a3041dcda597954782f48ac8a97bf33) Importer(815301076,1909f56bfc062723c751e8b465ee728b)  -> (artifact id: 'd25ae5abbb2e095c8d157233a115fc2a') in 0.046847 seconds 
========================================================================
Received Import Request.
  Time since last request: 0.000022 seconds.
  path: Assets/low poly medieval buildings/warehouse.fbx
  artifactKey: Guid(686c3e7542d82a24cba72016aa7c9ba3) Importer(815301076,1909f56bfc062723c751e8b465ee728b)
Start importing Assets/low poly medieval buildings/warehouse.fbx using Guid(686c3e7542d82a24cba72016aa7c9ba3) Importer(815301076,1909f56bfc062723c751e8b465ee728b)  -> (artifact id: '674986735a44675649e26fb9dad43c6e') in 0.084344 seconds 
========================================================================
Received Import Request.
  Time since last request: 807.776618 seconds.
  path: Assets/low poly medieval buildings/Materials/beam_metalness_smoothness.tga
  artifactKey: Guid(3c30b77591c513249b936aba44f71f43) Importer(815301076,1909f56bfc062723c751e8b465ee728b)
Start importing Assets/low poly medieval buildings/Materials/beam_metalness_smoothness.tga using Guid(3c30b77591c513249b936aba44f71f43) Importer(815301076,1909f56bfc062723c751e8b465ee728b)  -> (artifact id: 'beacf9f3aab7a52c2541a1c5fec706be') in 0.017864 seconds 
========================================================================
Received Import Request.
  Time since last request: 0.000026 seconds.
  path: Assets/low poly medieval buildings/Materials/bricks_albedo.tga
  artifactKey: Guid(48cdc5bf2aec7c844a9bbd0d926a57cf) Importer(815301076,1909f56bfc062723c751e8b465ee728b)
Start importing Assets/low poly medieval buildings/Materials/bricks_albedo.tga using Guid(48cdc5bf2aec7c844a9bbd0d926a57cf) Importer(815301076,1909f56bfc062723c751e8b465ee728b)  -> (artifact id: 'f91e6e74171e1f09681ed4443c6efeb8') in 0.018808 seconds 
========================================================================
Received Import Request.
  Time since last request: 0.000016 seconds.
  path: Assets/low poly medieval buildings/Materials/buildings_2_metalness_smoothness.tga
  artifactKey: Guid(70a1b96e2f3fa7c47a4a0c7bd190a38b) Importer(815301076,1909f56bfc062723c751e8b465ee728b)
Start importing Assets/low poly medieval buildings/Materials/buildings_2_metalness_smoothness.tga using Guid(70a1b96e2f3fa7c47a4a0c7bd190a38b) Importer(815301076,1909f56bfc062723c751e8b465ee728b)  -> (artifact id: '9d1a5d98497430f7457e30eb71e716bd') in 0.018996 seconds 
========================================================================
Received Import Request.
  Time since last request: 0.000033 seconds.
  path: Assets/low poly medieval buildings/Materials/buildings_2_normals.tga
  artifactKey: Guid(cb105885c53d70a469e1e1b6d27bd242) Importer(815301076,1909f56bfc062723c751e8b465ee728b)
Start importing Assets/low poly medieval buildings/Materials/buildings_2_normals.tga using Guid(cb105885c53d70a469e1e1b6d27bd242) Importer(815301076,1909f56bfc062723c751e8b465ee728b)  -> (artifact id: '34c52d510e26fa43e2551e7a6b3faa62') in 0.020663 seconds 
========================================================================
Received Import Request.
  Time since last request: 1.698257 seconds.
  path: Assets/low poly medieval buildings/Materials/buildings_3_albedo.tga
  artifactKey: Guid(899f6bcc0e6e7ae498c6791abb4ef664) Importer(815301076,1909f56bfc062723c751e8b465ee728b)
Start importing Assets/low poly medieval buildings/Materials/buildings_3_albedo.tga using Guid(899f6bcc0e6e7ae498c6791abb4ef664) Importer(815301076,1909f56bfc062723c751e8b465ee728b)  -> (artifact id: 'a01e5adba196b17d7427345f1ae6af9b') in 0.025108 seconds 
========================================================================
Received Import Request.
  Time since last request: 0.085105 seconds.
  path: Assets/low poly medieval buildings/Materials/buildings_albedo.tga
  artifactKey: Guid(79dd0f5c66cafcb41a999c2762709350) Importer(815301076,1909f56bfc062723c751e8b465ee728b)
Start importing Assets/low poly medieval buildings/Materials/buildings_albedo.tga using Guid(79dd0f5c66cafcb41a999c2762709350) Importer(815301076,1909f56bfc062723c751e8b465ee728b)  -> (artifact id: '97402c8717e667512144289c963b6c3f') in 0.014739 seconds 
========================================================================
Received Import Request.
  Time since last request: 0.000021 seconds.
  path: Assets/low poly medieval buildings/Materials/buildings_metalness_smoothness.tga
  artifactKey: Guid(7cf0283cc52a30a41a0466cf86b31cd7) Importer(815301076,1909f56bfc062723c751e8b465ee728b)
Start importing Assets/low poly medieval buildings/Materials/buildings_metalness_smoothness.tga using Guid(7cf0283cc52a30a41a0466cf86b31cd7) Importer(815301076,1909f56bfc062723c751e8b465ee728b)  -> (artifact id: 'a586032446e6dfd0604ea4b832095ae7') in 0.015017 seconds 
========================================================================
Received Import Request.
  Time since last request: 1.561305 seconds.
  path: Assets/low poly medieval buildings/Materials/planks_2_normals.tga
  artifactKey: Guid(f29a47f4eafd21c45b9e9608fde16609) Importer(815301076,1909f56bfc062723c751e8b465ee728b)
Start importing Assets/low poly medieval buildings/Materials/planks_2_normals.tga using Guid(f29a47f4eafd21c45b9e9608fde16609) Importer(815301076,1909f56bfc062723c751e8b465ee728b)  -> (artifact id: 'ec021a7e3a23ee17f1c6f19253037430') in 0.024951 seconds 
========================================================================
Received Import Request.
  Time since last request: 0.000023 seconds.
  path: Assets/low poly medieval buildings/Materials/planks_albedo.tga
  artifactKey: Guid(2eb0b9252f18c1f4495f924ebd455101) Importer(815301076,1909f56bfc062723c751e8b465ee728b)
Start importing Assets/low poly medieval buildings/Materials/planks_albedo.tga using Guid(2eb0b9252f18c1f4495f924ebd455101) Importer(815301076,1909f56bfc062723c751e8b465ee728b)  -> (artifact id: '841bce1b69e913f980b9dfca28ac5f30') in 0.016209 seconds 
========================================================================
Received Import Request.
  Time since last request: 0.272209 seconds.
  path: Assets/low poly medieval buildings/Materials/planks_normals.tga
  artifactKey: Guid(46d5e7413e44d7a459ea2502d1fbefc6) Importer(815301076,1909f56bfc062723c751e8b465ee728b)
Start importing Assets/low poly medieval buildings/Materials/planks_normals.tga using Guid(46d5e7413e44d7a459ea2502d1fbefc6) Importer(815301076,1909f56bfc062723c751e8b465ee728b)  -> (artifact id: '96627381906ff2f5c742b820ff5fd856') in 0.034026 seconds 
========================================================================
Received Import Request.
  Time since last request: 0.044842 seconds.
  path: Assets/low poly medieval buildings/Materials/plaster2_metalness_smoothness.tga
  artifactKey: Guid(696a362676b176d4a82df87e44876b41) Importer(815301076,1909f56bfc062723c751e8b465ee728b)
Start importing Assets/low poly medieval buildings/Materials/plaster2_metalness_smoothness.tga using Guid(696a362676b176d4a82df87e44876b41) Importer(815301076,1909f56bfc062723c751e8b465ee728b)  -> (artifact id: '42b06b854f9d0ce9aa5ff73ab09c7955') in 0.014314 seconds 
========================================================================
Received Import Request.
  Time since last request: 0.225429 seconds.
  path: Assets/low poly medieval buildings/Materials/plaster_albedo.tga
  artifactKey: Guid(f913b132c761f0442b5657e6ccfeb234) Importer(815301076,1909f56bfc062723c751e8b465ee728b)
Start importing Assets/low poly medieval buildings/Materials/plaster_albedo.tga using Guid(f913b132c761f0442b5657e6ccfeb234) Importer(815301076,1909f56bfc062723c751e8b465ee728b)  -> (artifact id: '2455c787916c8514d907be85e1ce729e') in 0.026660 seconds 
========================================================================
Received Import Request.
  Time since last request: 0.000023 seconds.
  path: Assets/low poly medieval buildings/Materials/plaster_metalness_smoothness.tga
  artifactKey: Guid(17e46e048f182cd48b702a46bf7f72a2) Importer(815301076,1909f56bfc062723c751e8b465ee728b)
Start importing Assets/low poly medieval buildings/Materials/plaster_metalness_smoothness.tga using Guid(17e46e048f182cd48b702a46bf7f72a2) Importer(815301076,1909f56bfc062723c751e8b465ee728b)  -> (artifact id: '478df430e504082a664d13a75867fc10') in 0.021651 seconds 
========================================================================
Received Import Request.
  Time since last request: 0.000020 seconds.
  path: Assets/low poly medieval buildings/Materials/plaster_normals.tga
  artifactKey: Guid(ba50918bfb0b26848a7053faab39f9ed) Importer(815301076,1909f56bfc062723c751e8b465ee728b)
Start importing Assets/low poly medieval buildings/Materials/plaster_normals.tga using Guid(ba50918bfb0b26848a7053faab39f9ed) Importer(815301076,1909f56bfc062723c751e8b465ee728b)  -> (artifact id: '6c49bbc59e22bbc61741e27d7319a1a0') in 0.019547 seconds 
========================================================================
Received Import Request.
  Time since last request: 0.240318 seconds.
  path: Assets/low poly medieval buildings/Materials/roof_2_metalness_smoothness.tga
  artifactKey: Guid(81623249059166b4fbc0efd87c67ec59) Importer(815301076,1909f56bfc062723c751e8b465ee728b)
Start importing Assets/low poly medieval buildings/Materials/roof_2_metalness_smoothness.tga using Guid(81623249059166b4fbc0efd87c67ec59) Importer(815301076,1909f56bfc062723c751e8b465ee728b)  -> (artifact id: '5ffd625772d226f63265f1f65e502feb') in 0.028102 seconds 
========================================================================
Received Import Request.
  Time since last request: 0.000036 seconds.
  path: Assets/low poly medieval buildings/Materials/roof_2_normals.tga
  artifactKey: Guid(d2e47aec8655b4043a1863e67f6ccfba) Importer(815301076,1909f56bfc062723c751e8b465ee728b)
Start importing Assets/low poly medieval buildings/Materials/roof_2_normals.tga using Guid(d2e47aec8655b4043a1863e67f6ccfba) Importer(815301076,1909f56bfc062723c751e8b465ee728b)  -> (artifact id: '5ee86ad9f02a24b62a5429705ba2e62c') in 0.021252 seconds 
========================================================================
Received Import Request.
  Time since last request: 0.000026 seconds.
  path: Assets/low poly medieval buildings/Materials/roof_albedo.tga
  artifactKey: Guid(501044b956e220e4d84bc5124e191f10) Importer(815301076,1909f56bfc062723c751e8b465ee728b)
Start importing Assets/low poly medieval buildings/Materials/roof_albedo.tga using Guid(501044b956e220e4d84bc5124e191f10) Importer(815301076,1909f56bfc062723c751e8b465ee728b)  -> (artifact id: '805a71dd8378fc231d5a0cd675687c7f') in 0.017939 seconds 
========================================================================
Received Import Request.
  Time since last request: 1103.001649 seconds.
  path: Assets/low poly medieval buildings/slaughterhouse.fbx
  artifactKey: Guid(bb8c0e8eb3d69064a8ae10b5e0d62d8b) Importer(815301076,1909f56bfc062723c751e8b465ee728b)
Start importing Assets/low poly medieval buildings/slaughterhouse.fbx using Guid(bb8c0e8eb3d69064a8ae10b5e0d62d8b) Importer(815301076,1909f56bfc062723c751e8b465ee728b)  -> (artifact id: '72fd4b93fbd837c5848c364d04abf034') in 0.044300 seconds 
========================================================================
Received Import Request.
  Time since last request: 0.000035 seconds.
  path: Assets/low poly medieval buildings/tower_corner.fbx
  artifactKey: Guid(5ac5831a4705b70489955062116ed0e6) Importer(815301076,1909f56bfc062723c751e8b465ee728b)
Start importing Assets/low poly medieval buildings/tower_corner.fbx using Guid(5ac5831a4705b70489955062116ed0e6) Importer(815301076,1909f56bfc062723c751e8b465ee728b)  -> (artifact id: '9523512a51f081cd15478d3586ddec67') in 0.032770 seconds 
========================================================================
Received Import Request.
  Time since last request: 0.000047 seconds.
  path: Assets/low poly medieval buildings/smith.fbx
  artifactKey: Guid(8e087afc636a7f643a64e9a824233e88) Importer(815301076,1909f56bfc062723c751e8b465ee728b)
Start importing Assets/low poly medieval buildings/smith.fbx using Guid(8e087afc636a7f643a64e9a824233e88) Importer(815301076,1909f56bfc062723c751e8b465ee728b)  -> (artifact id: '19601a249114d4ac58c57fc38884a9bd') in 0.049500 seconds 
========================================================================
Received Import Request.
  Time since last request: 0.000042 seconds.
  path: Assets/low poly medieval buildings/warehouse.fbx
  artifactKey: Guid(686c3e7542d82a24cba72016aa7c9ba3) Importer(815301076,1909f56bfc062723c751e8b465ee728b)
Start importing Assets/low poly medieval buildings/warehouse.fbx using Guid(686c3e7542d82a24cba72016aa7c9ba3) Importer(815301076,1909f56bfc062723c751e8b465ee728b)  -> (artifact id: '74f4595e7ce31d4eac62d28c7657acbf') in 0.049902 seconds 
========================================================================
Received Import Request.
  Time since last request: 0.000034 seconds.
  path: Assets/low poly medieval buildings/wall.fbx
  artifactKey: Guid(0a3041dcda597954782f48ac8a97bf33) Importer(815301076,1909f56bfc062723c751e8b465ee728b)
Start importing Assets/low poly medieval buildings/wall.fbx using Guid(0a3041dcda597954782f48ac8a97bf33) Importer(815301076,1909f56bfc062723c751e8b465ee728b)  -> (artifact id: '20e2cdbcb48728c52b1338c5ff5c2d85') in 0.028059 seconds 
========================================================================
Received Import Request.
  Time since last request: 0.000038 seconds.
  path: Assets/low poly medieval buildings/tower.fbx
  artifactKey: Guid(1b1855b9ff55aff4e85433c21d07ca92) Importer(815301076,1909f56bfc062723c751e8b465ee728b)
Start importing Assets/low poly medieval buildings/tower.fbx using Guid(1b1855b9ff55aff4e85433c21d07ca92) Importer(815301076,1909f56bfc062723c751e8b465ee728b)  -> (artifact id: '2ea966f836bfba4546d9f1b97fa75ac7') in 0.029467 seconds 
========================================================================
Received Import Request.
  Time since last request: 11.347705 seconds.
  path: Assets/low poly medieval buildings/quarry.fbx
  artifactKey: Guid(0933f6a03cb7a9949b12517e3254da12) Importer(815301076,1909f56bfc062723c751e8b465ee728b)
Start importing Assets/low poly medieval buildings/quarry.fbx using Guid(0933f6a03cb7a9949b12517e3254da12) Importer(815301076,1909f56bfc062723c751e8b465ee728b)  -> (artifact id: 'd54200d42fe83dbc414eda536d4f79cf') in 0.059743 seconds 
========================================================================
Received Import Request.
  Time since last request: 0.892473 seconds.
  path: Assets/low poly medieval buildings/market.fbx
  artifactKey: Guid(515d5ee6ed53daa45974b3b9e180c1c6) Importer(815301076,1909f56bfc062723c751e8b465ee728b)
Start importing Assets/low poly medieval buildings/market.fbx using Guid(515d5ee6ed53daa45974b3b9e180c1c6) Importer(815301076,1909f56bfc062723c751e8b465ee728b)  -> (artifact id: 'faf8a553078789bc8f84ba33415b46fb') in 0.043501 seconds 
========================================================================
Received Import Request.
  Time since last request: 0.000029 seconds.
  path: Assets/low poly medieval buildings/mine.fbx
  artifactKey: Guid(53bcbe80f2d2a0b43987b394e46d45b2) Importer(815301076,1909f56bfc062723c751e8b465ee728b)
Start importing Assets/low poly medieval buildings/mine.fbx using Guid(53bcbe80f2d2a0b43987b394e46d45b2) Importer(815301076,1909f56bfc062723c751e8b465ee728b)  -> (artifact id: 'a4a170fb90c867c6699613087a1c2fdc') in 0.029686 seconds 
========================================================================
Received Import Request.
  Time since last request: 0.656137 seconds.
  path: Assets/low poly medieval buildings/gate.fbx
  artifactKey: Guid(1e5a558e79eeb2045a71c5f092852cf1) Importer(815301076,1909f56bfc062723c751e8b465ee728b)
Start importing Assets/low poly medieval buildings/gate.fbx using Guid(1e5a558e79eeb2045a71c5f092852cf1) Importer(815301076,1909f56bfc062723c751e8b465ee728b)  -> (artifact id: '2c9296f5258cb45046bf4735e9b12341') in 0.049189 seconds 
========================================================================
Received Import Request.
  Time since last request: 0.000024 seconds.
  path: Assets/low poly medieval buildings/house.fbx
  artifactKey: Guid(81ae10d5415799d4db940c6fe498e861) Importer(815301076,1909f56bfc062723c751e8b465ee728b)
Start importing Assets/low poly medieval buildings/house.fbx using Guid(81ae10d5415799d4db940c6fe498e861) Importer(815301076,1909f56bfc062723c751e8b465ee728b)  -> (artifact id: '2c4a5f67b618437e3cbec3c14a4798d8') in 0.036820 seconds 
========================================================================
Received Import Request.
  Time since last request: 20.543893 seconds.
  path: Assets/low poly medieval buildings/barrack.fbx
  artifactKey: Guid(ceae2dc210e1e7e459a3eb0a6de39b4d) Importer(815301076,1909f56bfc062723c751e8b465ee728b)
Start importing Assets/low poly medieval buildings/barrack.fbx using Guid(ceae2dc210e1e7e459a3eb0a6de39b4d) Importer(815301076,1909f56bfc062723c751e8b465ee728b)  -> (artifact id: 'b3ba137062d24ef308268056656f4e01') in 0.059214 seconds 
========================================================================
Received Prepare
Registering precompiled user dll's ...
Registered in 0.005446 seconds.
Begin MonoManager ReloadAssembly
Symbol file LoadedFromMemory doesn't match image H:\Unity\Mapa1Game\Library\PackageCache\com.unity.visualscripting@1.7.6\Editor\VisualScripting.Core\Dependencies\YamlDotNet\Unity.VisualScripting.YamlDotNet.dll
Symbol file LoadedFromMemory is not a mono symbol file
Symbol file LoadedFromMemory doesn't match image H:\Unity\Mapa1Game\Library\PackageCache\com.unity.visualscripting@1.7.6\Editor\VisualScripting.Core\Dependencies\DotNetZip\Unity.VisualScripting.IonicZip.dll
Native extension for WindowsStandalone target not found
Native extension for Android target not found
Refreshing native plugins compatible for Editor in 0.77 ms, found 3 plugins.
Preloading 0 native plugins for Editor in 0.00 ms.
Mono: successfully reloaded assembly
- Completed reload, in  1.303 seconds
Domain Reload Profiling:
	ReloadAssembly (1304ms)
		BeginReloadAssembly (223ms)
			ExecutionOrderSort (0ms)
			DisableScriptedObjects (6ms)
			BackupInstance (0ms)
			ReleaseScriptingObjects (0ms)
			CreateAndSetChildDomain (65ms)
		EndReloadAssembly (954ms)
			LoadAssemblies (194ms)
			RebuildTransferFunctionScriptingTraits (0ms)
			SetupTypeCache (350ms)
			ReleaseScriptCaches (1ms)
			RebuildScriptCaches (55ms)
			SetupLoadedEditorAssemblies (360ms)
				LogAssemblyErrors (0ms)
				InitializePlatformSupportModulesInManaged (26ms)
				SetLoadedEditorAssemblies (1ms)
				RefreshPlugins (1ms)
				BeforeProcessingInitializeOnLoad (69ms)
				ProcessInitializeOnLoadAttributes (230ms)
				ProcessInitializeOnLoadMethodAttributes (30ms)
				AfterProcessingInitializeOnLoad (4ms)
				EditorAssembliesLoaded (0ms)
			ExecutionOrderSort2 (0ms)
			AwakeInstancesAfterBackupRestoration (7ms)
Platform modules already initialized, skipping
Refreshing native plugins compatible for Editor in 2.09 ms, found 3 plugins.
Preloading 0 native plugins for Editor in 0.00 ms.
Unloading 3220 Unused Serialized files (Serialized files now loaded: 0)
Unloading 17 unused Assets / (79.9 KB). Loaded Objects now: 3765.
Memory consumption went from 136.6 MB to 136.5 MB.
Total: 6.151600 ms (FindLiveObjects: 0.372500 ms CreateObjectMapping: 0.340600 ms MarkObjects: 5.247700 ms  DeleteObjects: 0.189300 ms)

AssetImportParameters requested are different than current active one (requested -> active):
  custom:video-decoder-ogg-theora: a1e56fd34408186e4bbccfd4996cb3dc -> 
  custom:container-muxer-webm: aa71ff27fc2769a1b78a27578f13a17b -> 
  custom:container-demuxer-webm: 4f35f7cbe854078d1ac9338744f61a02 -> 
  custom:video-encoder-webm-vp8: eb34c28f22e8b96e1ab97ce403110664 -> 
  custom:audio-encoder-webm-vorbis: bf7c407c2cedff20999df2af8eb42d56 -> 
  custom:framework-win-MediaFoundation: 216162199b28c13a410421893ffa2e32 -> 
  custom:container-demuxer-ogg: 62fdf1f143b41e24485cea50d1cbac27 -> 
  custom:video-decoder-webm-vp8: 9c59270c3fd7afecdb556c50c9e8de78 -> 
  custom:audio-decoder-ogg-vorbis: bf7c407c2cedff20999df2af8eb42d56 -> 
========================================================================
Received Prepare
Registering precompiled user dll's ...
Registered in 0.007248 seconds.
Begin MonoManager ReloadAssembly
Symbol file LoadedFromMemory doesn't match image H:\Unity\Mapa1Game\Library\PackageCache\com.unity.visualscripting@1.7.6\Editor\VisualScripting.Core\Dependencies\YamlDotNet\Unity.VisualScripting.YamlDotNet.dll
Symbol file LoadedFromMemory is not a mono symbol file
Symbol file LoadedFromMemory doesn't match image H:\Unity\Mapa1Game\Library\PackageCache\com.unity.visualscripting@1.7.6\Editor\VisualScripting.Core\Dependencies\DotNetZip\Unity.VisualScripting.IonicZip.dll
Native extension for WindowsStandalone target not found
Native extension for Android target not found
Refreshing native plugins compatible for Editor in 0.68 ms, found 3 plugins.
Preloading 0 native plugins for Editor in 0.00 ms.
Mono: successfully reloaded assembly
- Completed reload, in  1.175 seconds
Domain Reload Profiling:
	ReloadAssembly (1176ms)
		BeginReloadAssembly (179ms)
			ExecutionOrderSort (0ms)
			DisableScriptedObjects (6ms)
			BackupInstance (0ms)
			ReleaseScriptingObjects (0ms)
			CreateAndSetChildDomain (42ms)
		EndReloadAssembly (892ms)
			LoadAssemblies (160ms)
			RebuildTransferFunctionScriptingTraits (0ms)
			SetupTypeCache (312ms)
			ReleaseScriptCaches (1ms)
			RebuildScriptCaches (55ms)
			SetupLoadedEditorAssemblies (349ms)
				LogAssemblyErrors (0ms)
				InitializePlatformSupportModulesInManaged (25ms)
				SetLoadedEditorAssemblies (1ms)
				RefreshPlugins (1ms)
				BeforeProcessingInitializeOnLoad (65ms)
				ProcessInitializeOnLoadAttributes (225ms)
				ProcessInitializeOnLoadMethodAttributes (29ms)
				AfterProcessingInitializeOnLoad (4ms)
				EditorAssembliesLoaded (0ms)
			ExecutionOrderSort2 (0ms)
			AwakeInstancesAfterBackupRestoration (7ms)
Platform modules already initialized, skipping
Refreshing native plugins compatible for Editor in 2.79 ms, found 3 plugins.
Preloading 0 native plugins for Editor in 0.00 ms.
Unloading 3220 Unused Serialized files (Serialized files now loaded: 0)
Unloading 16 unused Assets / (79.2 KB). Loaded Objects now: 3768.
Memory consumption went from 136.6 MB to 136.5 MB.
Total: 4.076800 ms (FindLiveObjects: 0.627100 ms CreateObjectMapping: 0.443100 ms MarkObjects: 2.898700 ms  DeleteObjects: 0.106600 ms)

AssetImportParameters requested are different than current active one (requested -> active):
  custom:video-decoder-ogg-theora: a1e56fd34408186e4bbccfd4996cb3dc -> 
  custom:container-muxer-webm: aa71ff27fc2769a1b78a27578f13a17b -> 
  custom:container-demuxer-webm: 4f35f7cbe854078d1ac9338744f61a02 -> 
  custom:video-encoder-webm-vp8: eb34c28f22e8b96e1ab97ce403110664 -> 
  custom:audio-encoder-webm-vorbis: bf7c407c2cedff20999df2af8eb42d56 -> 
  custom:framework-win-MediaFoundation: 216162199b28c13a410421893ffa2e32 -> 
  custom:container-demuxer-ogg: 62fdf1f143b41e24485cea50d1cbac27 -> 
  custom:video-decoder-webm-vp8: 9c59270c3fd7afecdb556c50c9e8de78 -> 
  custom:audio-decoder-ogg-vorbis: bf7c407c2cedff20999df2af8eb42d56 -> 
